<?xml version="1.0" encoding="UTF-8"?>
<!-- Generated by org.testng.reporters.JUnitXMLReporter -->
<testsuite hostname="ZenBook" ignored="0" name="Default test" tests="7" failures="0" timestamp="05 апр 2018 05:18:53 GMT" time="120.893" errors="0">
  <testcase name="ConcreteResultTest" time="6.214" classname="by.epam.tstbooking.bookingtest.tstBookingCom"/>
  <testcase name="DestnationSetTest" time="2.97" classname="by.epam.tstbooking.bookingtest.tstBookingCom"/>
  <testcase name="emptyAndWrongDestinationTest" time="20.003" classname="by.epam.tstbooking.bookingtest.tstBookingCom"/>
  <testcase name="resultStringTest" time="6.277" classname="by.epam.tstbooking.bookingtest.tstBookingCom"/>
  <testcase name="childrenOptionListTest" time="22.89" classname="by.epam.tstbooking.bookingtest.tstBookingCom"/>
  <testcase name="DatesTest" time="29.164" classname="by.epam.tstbooking.bookingtest.tstBookingCom"/>
  <testcase name="inputDataSubmitTest" time="19.945" classname="by.epam.tstbooking.bookingtest.tstBookingCom"/>
</testsuite> <!-- Default test -->
