<?xml version="1.0" encoding="UTF-8"?>
<!-- Generated by org.testng.reporters.JUnitXMLReporter -->
<testsuite hostname="ZenBook" ignored="0" name="Default test" tests="7" failures="1" timestamp="04 апр 2018 22:05:45 GMT" time="110.075" errors="0">
  <testcase name="DestnationSetTest" time="2.814" classname="by.epam.tstbooking.bookingtest.tstBookingCom"/>
  <testcase name="emptyAndWrongDestinationTest" time="20.898" classname="by.epam.tstbooking.bookingtest.tstBookingCom"/>
  <testcase name="resultStringTest" time="6.395" classname="by.epam.tstbooking.bookingtest.tstBookingCom"/>
  <testcase name="childrenOptionListTest" time="22.217" classname="by.epam.tstbooking.bookingtest.tstBookingCom"/>
  <testcase name="DatesTest" time="18.347" classname="by.epam.tstbooking.bookingtest.tstBookingCom"/>
  <testcase name="inputDataSubmitTest" time="21.231" classname="by.epam.tstbooking.bookingtest.tstBookingCom"/>
  <testcase name="ConcreteResultTest" time="5.643" classname="by.epam.tstbooking.bookingtest.tstBookingCom">
    <failure type="java.lang.AssertionError" message="Must be exacly six results, expected [6] but found [3]">
      <![CDATA[java.lang.AssertionError: Must be exacly six results, expected [6] but found [3]
at org.testng.Assert.fail(Assert.java:96)
at org.testng.Assert.failNotEquals(Assert.java:776)
at org.testng.Assert.assertEqualsImpl(Assert.java:137)
at org.testng.Assert.assertEquals(Assert.java:118)
at org.testng.Assert.assertEquals(Assert.java:652)
at by.epam.tstbooking.bookingtest.tstBookingCom.ConcreteResultTest(tstBookingCom.java:266)
at sun.reflect.NativeMethodAccessorImpl.invoke0(Native Method)
at sun.reflect.NativeMethodAccessorImpl.invoke(NativeMethodAccessorImpl.java:62)
at sun.reflect.DelegatingMethodAccessorImpl.invoke(DelegatingMethodAccessorImpl.java:43)
at java.lang.reflect.Method.invoke(Method.java:498)
at org.testng.internal.MethodInvocationHelper.invokeMethod(MethodInvocationHelper.java:124)
at org.testng.internal.Invoker.invokeMethod(Invoker.java:580)
at org.testng.internal.Invoker.invokeTestMethod(Invoker.java:716)
at org.testng.internal.Invoker.invokeTestMethods(Invoker.java:988)
at org.testng.internal.TestMethodWorker.invokeTestMethods(TestMethodWorker.java:125)
at org.testng.internal.TestMethodWorker.run(TestMethodWorker.java:109)
at org.testng.TestRunner.privateRun(TestRunner.java:648)
at org.testng.TestRunner.run(TestRunner.java:505)
at org.testng.SuiteRunner.runTest(SuiteRunner.java:455)
at org.testng.SuiteRunner.runSequentially(SuiteRunner.java:450)
at org.testng.SuiteRunner.privateRun(SuiteRunner.java:415)
at org.testng.SuiteRunner.run(SuiteRunner.java:364)
at org.testng.SuiteRunnerWorker.runSuite(SuiteRunnerWorker.java:52)
at org.testng.SuiteRunnerWorker.run(SuiteRunnerWorker.java:84)
at org.testng.TestNG.runSuitesSequentially(TestNG.java:1208)
at org.testng.TestNG.runSuitesLocally(TestNG.java:1137)
at org.testng.TestNG.runSuites(TestNG.java:1049)
at org.testng.TestNG.run(TestNG.java:1017)
at org.testng.remote.AbstractRemoteTestNG.run(AbstractRemoteTestNG.java:114)
at org.testng.remote.RemoteTestNG.initAndRun(RemoteTestNG.java:251)
at org.testng.remote.RemoteTestNG.main(RemoteTestNG.java:77)
]]>
    </failure>
  </testcase> <!-- ConcreteResultTest -->
</testsuite> <!-- Default test -->
