<?xml version="1.0" encoding="UTF-8"?>
<testng-results skipped="0" failed="0" ignored="0" total="7" passed="7">
  <reporter-output>
  </reporter-output>
  <suite name="Default suite" duration-ms="120893" started-at="2018-04-05T05:16:52Z" finished-at="2018-04-05T05:18:53Z">
    <groups>
    </groups>
    <test name="Default test" duration-ms="120893" started-at="2018-04-05T05:16:52Z" finished-at="2018-04-05T05:18:53Z">
      <class name="by.epam.tstbooking.bookingtest.tstBookingCom">
        <test-method status="PASS" signature="setUp()[pri:0, instance:by.epam.tstbooking.bookingtest.tstBookingCom@ae45eb6]" name="setUp" is-config="true" duration-ms="12617" started-at="2018-04-05T05:16:52Z" finished-at="2018-04-05T05:17:05Z">
          <reporter-output>
          </reporter-output>
        </test-method> <!-- setUp -->
        <test-method status="PASS" signature="ConcreteResultTest()[pri:1, instance:by.epam.tstbooking.bookingtest.tstBookingCom@ae45eb6]" name="ConcreteResultTest" duration-ms="6214" started-at="2018-04-05T05:17:05Z" finished-at="2018-04-05T05:17:11Z">
          <reporter-output>
          </reporter-output>
        </test-method> <!-- ConcreteResultTest -->
        <test-method status="PASS" signature="DestnationSetTest()[pri:1, instance:by.epam.tstbooking.bookingtest.tstBookingCom@ae45eb6]" name="DestnationSetTest" duration-ms="2970" started-at="2018-04-05T05:17:11Z" finished-at="2018-04-05T05:17:14Z">
          <reporter-output>
          </reporter-output>
        </test-method> <!-- DestnationSetTest -->
        <test-method status="PASS" signature="emptyAndWrongDestinationTest()[pri:2, instance:by.epam.tstbooking.bookingtest.tstBookingCom@ae45eb6]" name="emptyAndWrongDestinationTest" duration-ms="20003" started-at="2018-04-05T05:17:14Z" finished-at="2018-04-05T05:17:34Z">
          <reporter-output>
          </reporter-output>
        </test-method> <!-- emptyAndWrongDestinationTest -->
        <test-method status="PASS" signature="resultStringTest()[pri:3, instance:by.epam.tstbooking.bookingtest.tstBookingCom@ae45eb6]" name="resultStringTest" duration-ms="6277" started-at="2018-04-05T05:17:34Z" finished-at="2018-04-05T05:17:40Z">
          <reporter-output>
          </reporter-output>
        </test-method> <!-- resultStringTest -->
        <test-method status="PASS" signature="childrenOptionListTest()[pri:4, instance:by.epam.tstbooking.bookingtest.tstBookingCom@ae45eb6]" name="childrenOptionListTest" duration-ms="22890" started-at="2018-04-05T05:17:40Z" finished-at="2018-04-05T05:18:03Z">
          <reporter-output>
          </reporter-output>
        </test-method> <!-- childrenOptionListTest -->
        <test-method status="PASS" signature="DatesTest()[pri:5, instance:by.epam.tstbooking.bookingtest.tstBookingCom@ae45eb6]" name="DatesTest" duration-ms="29164" started-at="2018-04-05T05:18:03Z" finished-at="2018-04-05T05:18:32Z">
          <reporter-output>
          </reporter-output>
        </test-method> <!-- DatesTest -->
        <test-method status="PASS" signature="inputDataSubmitTest()[pri:6, instance:by.epam.tstbooking.bookingtest.tstBookingCom@ae45eb6]" name="inputDataSubmitTest" duration-ms="19945" started-at="2018-04-05T05:18:32Z" finished-at="2018-04-05T05:18:52Z">
          <reporter-output>
          </reporter-output>
        </test-method> <!-- inputDataSubmitTest -->
        <test-method status="PASS" signature="tearDown()[pri:0, instance:by.epam.tstbooking.bookingtest.tstBookingCom@ae45eb6]" name="tearDown" is-config="true" duration-ms="782" started-at="2018-04-05T05:18:52Z" finished-at="2018-04-05T05:18:53Z">
          <reporter-output>
          </reporter-output>
        </test-method> <!-- tearDown -->
      </class> <!-- by.epam.tstbooking.bookingtest.tstBookingCom -->
    </test> <!-- Default test -->
  </suite> <!-- Default suite -->
</testng-results>
